============================================================
Time  2017/01/25 10:52:27 640 
============================================================
[2017/01/25 10:52:27 640] lgi        623  SYS_MSG_LOAD  
[2017/01/25 10:52:27 646] lgi        645  SYS_MSG_REGCB  msp_status_cb  func(b4e54188) 
[2017/01/25 10:52:27 647] lgi        286  LGI_MSG_INIT  
[2017/01/25 10:52:27 647] lgi        293  lgi  lgi_  268436457  1472383732  
[2017/01/25 10:52:27 648] lgi        326  lgi params:  appid = 587de813, work_dir = .  
[2017/01/25 10:52:27 648] lgi        346  auth_appid=  587de813  
[2017/01/25 10:52:27 648] lgi        357  token:  nil  
[2017/01/25 10:52:27 648] lgi        423  msc cver : 5.0.27.1135  
[2017/01/25 10:52:27 649] lgi        466  ns_enable=  1  
[2017/01/25 10:52:27 649] lgi        478  prot_ver=1  
[2017/01/25 10:52:27 650] lgi        489  prot_type=tcp  
[2017/01/25 10:52:27 651] lgi        632  SYS_MSG_UNLOAD  go bg!  
[2017/01/25 10:52:27 680] lgi        545  LGI_MSG_START, caller =  legacyuup_45be42  
[2017/01/25 10:52:27 680] lgi        551  lgistat =   0  
[2017/01/25 10:52:27 680] lgi        574  lgi_auth_id =  nil  
[2017/01/25 10:52:27 681] transport  609  paramkvsport is   0  
[2017/01/25 10:52:27 681] transport  617  ns_enable=  1  
[2017/01/25 10:52:27 682] transport  661  url.full=  nil  
[2017/01/25 10:52:27 682] transport  844  net type:  standard  
[2017/01/25 10:52:27 682] transport  845  net operator:  def  
[2017/01/25 10:52:27 683] transport  846  use proxy:  false  
[2017/01/25 10:52:27 683] lgi        265  [session] send lgi request  
[2017/01/25 10:52:27 683] transport  959  session.domain=  open.xf-yun.com  
[2017/01/25 10:52:27 684] transport  960  url.host=  open.xf-yun.com  
[2017/01/25 10:52:27 686] network    83   ipfromenv ,  ipcache  open.xf-yun.com  def  nil  
[2017/01/25 10:52:27 687] transport  994  NAMESERVER START  
[2017/01/25 10:52:27 687] transport  997  name =   ath  
[2017/01/25 10:52:27 688] ns         727  ntt=  standard  
[2017/01/25 10:52:27 688] transport  1000 trans,ns_inprog =  0  
[2017/01/25 10:52:27 688] ns         682  name server start  
[2017/01/25 10:52:27 688] ns         683  ns_sub =   ath  
[2017/01/25 10:52:27 689] ns         685  ns_host=  open.xf-yun.com  
[2017/01/25 10:52:27 689] ns         403  ns_host=  open.xf-yun.com  
[2017/01/25 10:52:27 690] ns         662  GET /sip/resolver?srand=0125105211.32 HTTP/1.1
Host: hdns.openspeech.cn
Connection: Keep-Alive
X-Par: ver=1.2&appid=587de813&operator=UNKNOW&nettype=STANDARD&cver=5.0.27.1135&svc=ath&host=open.xf-yun.com&sign=4791eedc347fb16ff132ddb2f0255ff7
User-Agent: iFLYCloud

  
[2017/01/25 10:52:27 691] ns         663  net_type =  standard  
[2017/01/25 10:52:27 691] ns         664  cmwapascmnet =  
[2017/01/25 10:52:27 691] ns         665  uniwapasuninet =  
[2017/01/25 10:52:27 692] ns         666  ctwapasctnet =  
[2017/01/25 10:52:27 692] ns         676  host=  hdns.openspeech.cn  
[2017/01/25 10:52:27 694] lgi        232  lver:  nil  
[2017/01/25 10:52:27 694] lgi        237  cfg_ver:  nil  
[2017/01/25 10:52:27 738] ns         290  ns dns resp  10214  
[2017/01/25 10:52:27 738] ns         564  ns dns failed, err =   10214  
[2017/01/25 10:52:27 738] ns         174  ns gethttpresp  117.121.48.5  80  
[2017/01/25 10:52:27 740] ns         244  ns soc error  10202  
[2017/01/25 10:52:27 740] ns         407  name server http resp  nil  10202  nil  
[2017/01/25 10:52:27 740] ns         551  ns response failed, err =  10202  
[2017/01/25 10:52:27 740] ns         111  ns_host=  open.xf-yun.com  
[2017/01/25 10:52:27 741] ns         113  use default ip  
[2017/01/25 10:52:27 741] transport  974  ns_ip =   116.213.69.195  
[2017/01/25 10:52:27 741] transport  975  ip_type =  def_athopen.xf-yun.com  
[2017/01/25 10:52:27 741] transport  1166 [soc] connect   116.213.69.195  80  
[2017/01/25 10:52:27 742] transport  1183 mspsoc.open,prot_type=  tcp  
[2017/01/25 10:52:27 747] ns         756  no data in ns_q  
[2017/01/25 10:52:27 748] ns         757  conti_ns,ns_inprog =   1  
[2017/01/25 10:52:27 750] transport  545  MSC:[soc] [0] error 10202 101!  
[2017/01/25 10:52:27 753] transport  57   clear_ip ip_type =  def_athopen.xf-yun.com  
[2017/01/25 10:52:27 754] transport  321  soc_conn_failed  
[2017/01/25 10:52:27 754] network    88   iptoenv ,  ipcache  open.xf-yun.com  def  nil  
[2017/01/25 10:52:27 758] transport  390  switch 80  
[2017/01/25 10:52:27 764] transport  1198 [soc] disconnect   
[2017/01/25 10:52:27 767] transport  295  [dns] [0] failed! 10214  
[2017/01/25 10:52:27 770] network    83   ipfromenv ,  ipcache  open.xf-yun.com  def  nil  
[2017/01/25 10:52:27 774] network    83   ipfromenv ,  ipcfg  open.xf-yun.com  def  nil  
[2017/01/25 10:52:27 774] transport  1166 [soc] connect   116.213.69.195  80  
[2017/01/25 10:52:27 775] transport  1183 mspsoc.open,prot_type=  tcp  
[2017/01/25 10:52:27 779] transport  545  MSC:[soc] [0] error 10202 101!  
[2017/01/25 10:52:27 780] transport  57   clear_ip ip_type =  def_athopen.xf-yun.com  
[2017/01/25 10:52:27 780] transport  321  soc_conn_failed  
[2017/01/25 10:52:27 780] network    88   iptoenv ,  ipcache  open.xf-yun.com  def  nil  
[2017/01/25 10:52:27 784] transport  390  switch 80  
[2017/01/25 10:52:27 785] transport  1198 [soc] disconnect   
[2017/01/25 10:52:27 986] transport  959  session.domain=  open.xf-yun.com  
[2017/01/25 10:52:27 987] transport  960  url.host=  open.xf-yun.com  
[2017/01/25 10:52:27 989] network    83   ipfromenv ,  ipcache  open.xf-yun.com  def  nil  
[2017/01/25 10:52:27 990] transport  994  NAMESERVER START  
[2017/01/25 10:52:27 990] transport  997  name =   ath  
[2017/01/25 10:52:27 990] ns         727  ntt=  standard  
[2017/01/25 10:52:27 990] transport  1000 trans,ns_inprog =  0  
[2017/01/25 10:52:27 991] ns         682  name server start  
[2017/01/25 10:52:27 991] ns         683  ns_sub =   ath  
[2017/01/25 10:52:27 991] ns         685  ns_host=  open.xf-yun.com  
[2017/01/25 10:52:27 991] ns         403  ns_host=  open.xf-yun.com  
[2017/01/25 10:52:27 992] ns         662  GET /sip/resolver?srand=0125105211.32 HTTP/1.1
Host: hdns.openspeech.cn
Connection: Keep-Alive
X-Par: ver=1.2&appid=587de813&operator=UNKNOW&nettype=STANDARD&cver=5.0.27.1135&svc=ath&host=open.xf-yun.com&sign=4791eedc347fb16ff132ddb2f0255ff7
User-Agent: iFLYCloud

  
[2017/01/25 10:52:27 992] ns         663  net_type =  standard  
[2017/01/25 10:52:27 992] ns         664  cmwapascmnet =  
[2017/01/25 10:52:27 992] ns         665  uniwapasuninet =  
[2017/01/25 10:52:27 993] ns         666  ctwapasctnet =  
[2017/01/25 10:52:27 993] ns         676  host=  hdns.openspeech.cn  
[2017/01/25 10:52:28 007] ns         290  ns dns resp  10214  
[2017/01/25 10:52:28 011] ns         564  ns dns failed, err =   10214  
[2017/01/25 10:52:28 012] ns         174  ns gethttpresp  117.121.48.5  80  
[2017/01/25 10:52:28 015] ns         244  ns soc error  10202  
[2017/01/25 10:52:28 016] ns         407  name server http resp  nil  10202  nil  
[2017/01/25 10:52:28 016] ns         551  ns response failed, err =  10202  
[2017/01/25 10:52:28 016] ns         111  ns_host=  open.xf-yun.com  
[2017/01/25 10:52:28 016] ns         113  use default ip  
[2017/01/25 10:52:28 017] transport  974  ns_ip =   116.213.69.195  
[2017/01/25 10:52:28 017] transport  975  ip_type =  def_athopen.xf-yun.com  
[2017/01/25 10:52:28 017] transport  1166 [soc] connect   116.213.69.195  80  
[2017/01/25 10:52:28 018] transport  1183 mspsoc.open,prot_type=  tcp  
[2017/01/25 10:52:28 023] ns         756  no data in ns_q  
[2017/01/25 10:52:28 025] ns         757  conti_ns,ns_inprog =   1  
[2017/01/25 10:52:28 026] transport  295  [dns] [0] failed! 10214  
[2017/01/25 10:52:28 026] transport  545  MSC:[soc] [0] error 10202 101!  
[2017/01/25 10:52:28 027] transport  57   clear_ip ip_type =  def_athopen.xf-yun.com  
[2017/01/25 10:52:28 027] transport  321  soc_conn_failed  
[2017/01/25 10:52:28 027] network    88   iptoenv ,  ipcache  open.xf-yun.com  def  nil  
[2017/01/25 10:52:28 030] transport  390  switch 80  
[2017/01/25 10:52:28 031] transport  1198 [soc] disconnect   
[2017/01/25 10:52:28 232] transport  959  session.domain=  open.xf-yun.com  
[2017/01/25 10:52:28 232] transport  960  url.host=  open.xf-yun.com  
[2017/01/25 10:52:28 235] network    83   ipfromenv ,  ipcache  open.xf-yun.com  def  nil  
[2017/01/25 10:52:28 235] transport  994  NAMESERVER START  
[2017/01/25 10:52:28 236] transport  997  name =   ath  
[2017/01/25 10:52:28 236] ns         727  ntt=  standard  
[2017/01/25 10:52:28 236] transport  1000 trans,ns_inprog =  0  
[2017/01/25 10:52:28 236] ns         682  name server start  
[2017/01/25 10:52:28 237] ns         683  ns_sub =   ath  
[2017/01/25 10:52:28 237] ns         685  ns_host=  open.xf-yun.com  
[2017/01/25 10:52:28 237] ns         403  ns_host=  open.xf-yun.com  
[2017/01/25 10:52:28 238] ns         662  GET /sip/resolver?srand=0125105211.32 HTTP/1.1
Host: hdns.openspeech.cn
Connection: Keep-Alive
X-Par: ver=1.2&appid=587de813&operator=UNKNOW&nettype=STANDARD&cver=5.0.27.1135&svc=ath&host=open.xf-yun.com&sign=4791eedc347fb16ff132ddb2f0255ff7
User-Agent: iFLYCloud

  
[2017/01/25 10:52:28 238] ns         663  net_type =  standard  
[2017/01/25 10:52:28 238] ns         664  cmwapascmnet =  
[2017/01/25 10:52:28 238] ns         665  uniwapasuninet =  
[2017/01/25 10:52:28 239] ns         666  ctwapasctnet =  
[2017/01/25 10:52:28 239] ns         676  host=  hdns.openspeech.cn  
[2017/01/25 10:52:28 252] ns         290  ns dns resp  10214  
[2017/01/25 10:52:28 253] ns         564  ns dns failed, err =   10214  
[2017/01/25 10:52:28 254] ns         174  ns gethttpresp  117.121.48.5  80  
[2017/01/25 10:52:28 261] ns         244  ns soc error  10202  
[2017/01/25 10:52:28 264] ns         407  name server http resp  nil  10202  nil  
[2017/01/25 10:52:28 264] ns         551  ns response failed, err =  10202  
[2017/01/25 10:52:28 266] ns         111  ns_host=  open.xf-yun.com  
[2017/01/25 10:52:28 267] ns         113  use default ip  
[2017/01/25 10:52:28 268] transport  974  ns_ip =   116.213.69.195  
[2017/01/25 10:52:28 269] transport  975  ip_type =  def_athopen.xf-yun.com  
[2017/01/25 10:52:28 269] transport  1166 [soc] connect   116.213.69.195  80  
[2017/01/25 10:52:28 269] transport  1183 mspsoc.open,prot_type=  tcp  
[2017/01/25 10:52:28 271] ns         756  no data in ns_q  
[2017/01/25 10:52:28 271] ns         757  conti_ns,ns_inprog =   1  
[2017/01/25 10:52:28 272] transport  295  [dns] [0] failed! 10214  
[2017/01/25 10:52:28 273] transport  545  MSC:[soc] [0] error 10202 101!  
[2017/01/25 10:52:28 273] transport  57   clear_ip ip_type =  def_athopen.xf-yun.com  
[2017/01/25 10:52:28 273] transport  321  soc_conn_failed  
[2017/01/25 10:52:28 274] network    88   iptoenv ,  ipcache  open.xf-yun.com  def  nil  
[2017/01/25 10:52:28 276] transport  390  switch 80  
[2017/01/25 10:52:28 277] transport  1198 [soc] disconnect   
[2017/01/25 10:52:28 478] transport  959  session.domain=  open.xf-yun.com  
[2017/01/25 10:52:28 479] transport  960  url.host=  open.xf-yun.com  
[2017/01/25 10:52:28 481] network    83   ipfromenv ,  ipcache  open.xf-yun.com  def  nil  
[2017/01/25 10:52:28 482] transport  994  NAMESERVER START  
[2017/01/25 10:52:28 482] transport  997  name =   ath  
[2017/01/25 10:52:28 482] ns         727  ntt=  standard  
[2017/01/25 10:52:28 482] transport  1000 trans,ns_inprog =  0  
[2017/01/25 10:52:28 483] ns         682  name server start  
[2017/01/25 10:52:28 483] ns         683  ns_sub =   ath  
[2017/01/25 10:52:28 483] ns         685  ns_host=  open.xf-yun.com  
[2017/01/25 10:52:28 483] ns         403  ns_host=  open.xf-yun.com  
[2017/01/25 10:52:28 484] ns         662  GET /sip/resolver?srand=0125105211.32 HTTP/1.1
Host: hdns.openspeech.cn
Connection: Keep-Alive
X-Par: ver=1.2&appid=587de813&operator=UNKNOW&nettype=STANDARD&cver=5.0.27.1135&svc=ath&host=open.xf-yun.com&sign=4791eedc347fb16ff132ddb2f0255ff7
User-Agent: iFLYCloud

  
[2017/01/25 10:52:28 484] ns         663  net_type =  standard  
[2017/01/25 10:52:28 484] ns         664  cmwapascmnet =  
[2017/01/25 10:52:28 485] ns         665  uniwapasuninet =  
[2017/01/25 10:52:28 485] ns         666  ctwapasctnet =  
[2017/01/25 10:52:28 485] ns         676  host=  hdns.openspeech.cn  
[2017/01/25 10:52:28 498] ns         290  ns dns resp  10214  
[2017/01/25 10:52:28 500] ns         564  ns dns failed, err =   10214  
[2017/01/25 10:52:28 500] ns         174  ns gethttpresp  117.121.48.5  80  
[2017/01/25 10:52:28 508] ns         244  ns soc error  10202  
[2017/01/25 10:52:28 510] ns         407  name server http resp  nil  10202  nil  
[2017/01/25 10:52:28 512] ns         551  ns response failed, err =  10202  
[2017/01/25 10:52:28 512] ns         111  ns_host=  open.xf-yun.com  
[2017/01/25 10:52:28 513] ns         113  use default ip  
[2017/01/25 10:52:28 515] transport  974  ns_ip =   116.213.69.195  
[2017/01/25 10:52:28 524] transport  975  ip_type =  def_athopen.xf-yun.com  
[2017/01/25 10:52:28 524] transport  1166 [soc] connect   116.213.69.195  80  
[2017/01/25 10:52:28 525] transport  1183 mspsoc.open,prot_type=  tcp  
[2017/01/25 10:52:28 526] ns         756  no data in ns_q  
[2017/01/25 10:52:28 526] ns         757  conti_ns,ns_inprog =   1  
[2017/01/25 10:52:28 527] transport  295  [dns] [0] failed! 10214  
[2017/01/25 10:52:28 528] transport  545  MSC:[soc] [0] error 10202 101!  
[2017/01/25 10:52:28 529] transport  57   clear_ip ip_type =  def_athopen.xf-yun.com  
[2017/01/25 10:52:28 529] transport  321  soc_conn_failed  
[2017/01/25 10:52:28 529] network    88   iptoenv ,  ipcache  open.xf-yun.com  def  nil  
[2017/01/25 10:52:28 532] transport  390  switch 80  
[2017/01/25 10:52:28 533] transport  1198 [soc] disconnect   
[2017/01/25 10:52:28 733] transport  959  session.domain=  open.xf-yun.com  
[2017/01/25 10:52:28 733] transport  960  url.host=  open.xf-yun.com  
[2017/01/25 10:52:28 736] network    83   ipfromenv ,  ipcache  open.xf-yun.com  def  nil  
[2017/01/25 10:52:28 736] transport  994  NAMESERVER START  
[2017/01/25 10:52:28 736] transport  997  name =   ath  
[2017/01/25 10:52:28 737] ns         727  ntt=  standard  
[2017/01/25 10:52:28 737] transport  1000 trans,ns_inprog =  0  
[2017/01/25 10:52:28 737] ns         682  name server start  
[2017/01/25 10:52:28 737] ns         683  ns_sub =   ath  
[2017/01/25 10:52:28 738] ns         685  ns_host=  open.xf-yun.com  
[2017/01/25 10:52:28 738] ns         403  ns_host=  open.xf-yun.com  
[2017/01/25 10:52:28 738] ns         662  GET /sip/resolver?srand=0125105211.32 HTTP/1.1
Host: hdns.openspeech.cn
Connection: Keep-Alive
X-Par: ver=1.2&appid=587de813&operator=UNKNOW&nettype=STANDARD&cver=5.0.27.1135&svc=ath&host=open.xf-yun.com&sign=4791eedc347fb16ff132ddb2f0255ff7
User-Agent: iFLYCloud

  
[2017/01/25 10:52:28 739] ns         663  net_type =  standard  
[2017/01/25 10:52:28 739] ns         664  cmwapascmnet =  
[2017/01/25 10:52:28 739] ns         665  uniwapasuninet =  
[2017/01/25 10:52:28 739] ns         666  ctwapasctnet =  
[2017/01/25 10:52:28 740] ns         676  host=  hdns.openspeech.cn  
[2017/01/25 10:52:28 763] ns         290  ns dns resp  10214  
[2017/01/25 10:52:28 768] ns         564  ns dns failed, err =   10214  
[2017/01/25 10:52:28 769] ns         174  ns gethttpresp  117.121.48.5  80  
[2017/01/25 10:52:28 772] transport  295  [dns] [0] failed! 10214  
[2017/01/25 10:52:28 776] network    83   ipfromenv ,  ipcache  open.xf-yun.com  def  nil  
[2017/01/25 10:52:28 779] network    83   ipfromenv ,  ipcfg  open.xf-yun.com  def  nil  
[2017/01/25 10:52:28 779] transport  1166 [soc] connect   116.213.69.195  80  
[2017/01/25 10:52:28 780] transport  1183 mspsoc.open,prot_type=  tcp  
[2017/01/25 10:52:28 782] ns         244  ns soc error  10202  
[2017/01/25 10:52:28 783] ns         407  name server http resp  nil  10202  nil  
[2017/01/25 10:52:28 783] ns         551  ns response failed, err =  10202  
[2017/01/25 10:52:28 783] ns         111  ns_host=  open.xf-yun.com  
[2017/01/25 10:52:28 783] ns         113  use default ip  
[2017/01/25 10:52:28 784] transport  974  ns_ip =   116.213.69.195  
[2017/01/25 10:52:28 784] transport  975  ip_type =  def_athopen.xf-yun.com  
[2017/01/25 10:52:28 784] ns         756  no data in ns_q  
[2017/01/25 10:52:28 784] ns         757  conti_ns,ns_inprog =   1  
[2017/01/25 10:52:28 785] transport  545  MSC:[soc] [0] error 10202 101!  
[2017/01/25 10:52:28 786] transport  57   clear_ip ip_type =  def_athopen.xf-yun.com  
[2017/01/25 10:52:28 786] transport  321  soc_conn_failed  
[2017/01/25 10:52:28 786] network    88   iptoenv ,  ipcache  open.xf-yun.com  def  nil  
[2017/01/25 10:52:28 789] transport  390  switch 80  
[2017/01/25 10:52:28 790] transport  1198 [soc] disconnect   
[2017/01/25 10:52:28 990] transport  959  session.domain=  open.xf-yun.com  
[2017/01/25 10:52:28 990] transport  960  url.host=  open.xf-yun.com  
[2017/01/25 10:52:28 993] network    83   ipfromenv ,  ipcache  open.xf-yun.com  def  nil  
[2017/01/25 10:52:28 993] transport  994  NAMESERVER START  
[2017/01/25 10:52:28 993] transport  997  name =   ath  
[2017/01/25 10:52:28 994] ns         727  ntt=  standard  
[2017/01/25 10:52:28 994] transport  1000 trans,ns_inprog =  0  
[2017/01/25 10:52:28 994] ns         682  name server start  
[2017/01/25 10:52:28 995] ns         683  ns_sub =   ath  
[2017/01/25 10:52:28 995] ns         685  ns_host=  open.xf-yun.com  
[2017/01/25 10:52:28 995] ns         403  ns_host=  open.xf-yun.com  
[2017/01/25 10:52:28 996] ns         662  GET /sip/resolver?srand=0125105211.32 HTTP/1.1
Host: hdns.openspeech.cn
Connection: Keep-Alive
X-Par: ver=1.2&appid=587de813&operator=UNKNOW&nettype=STANDARD&cver=5.0.27.1135&svc=ath&host=open.xf-yun.com&sign=4791eedc347fb16ff132ddb2f0255ff7
User-Agent: iFLYCloud

  
[2017/01/25 10:52:28 996] ns         663  net_type =  standard  
[2017/01/25 10:52:28 996] ns         664  cmwapascmnet =  
[2017/01/25 10:52:28 997] ns         665  uniwapasuninet =  
[2017/01/25 10:52:28 997] ns         666  ctwapasctnet =  
[2017/01/25 10:52:28 997] ns         676  host=  hdns.openspeech.cn  
[2017/01/25 10:52:29 008] ns         290  ns dns resp  10214  
[2017/01/25 10:52:29 009] ns         564  ns dns failed, err =   10214  
[2017/01/25 10:52:29 009] ns         174  ns gethttpresp  117.121.48.5  80  
[2017/01/25 10:52:29 012] ns         244  ns soc error  10202  
[2017/01/25 10:52:29 013] ns         407  name server http resp  nil  10202  nil  
[2017/01/25 10:52:29 013] ns         551  ns response failed, err =  10202  
[2017/01/25 10:52:29 013] ns         111  ns_host=  open.xf-yun.com  
[2017/01/25 10:52:29 013] ns         113  use default ip  
[2017/01/25 10:52:29 014] transport  974  ns_ip =   116.213.69.195  
[2017/01/25 10:52:29 014] transport  975  ip_type =  def_athopen.xf-yun.com  
[2017/01/25 10:52:29 014] transport  1166 [soc] connect   116.213.69.195  80  
[2017/01/25 10:52:29 015] transport  1183 mspsoc.open,prot_type=  tcp  
[2017/01/25 10:52:29 016] ns         756  no data in ns_q  
[2017/01/25 10:52:29 016] ns         757  conti_ns,ns_inprog =   1  
[2017/01/25 10:52:29 017] transport  545  MSC:[soc] [0] error 10202 101!  
[2017/01/25 10:52:29 026] transport  57   clear_ip ip_type =  def_athopen.xf-yun.com  
[2017/01/25 10:52:29 027] transport  321  soc_conn_failed  
[2017/01/25 10:52:29 027] network    88   iptoenv ,  ipcache  open.xf-yun.com  def  nil  
[2017/01/25 10:52:29 038] transport  390  switch 80  
[2017/01/25 10:52:29 039] transport  1198 [soc] disconnect   
[2017/01/25 10:52:29 046] transport  295  [dns] [0] failed! 10214  
[2017/01/25 10:52:29 052] network    83   ipfromenv ,  ipcache  open.xf-yun.com  def  nil  
[2017/01/25 10:52:29 055] network    83   ipfromenv ,  ipcfg  open.xf-yun.com  def  nil  
[2017/01/25 10:52:29 055] transport  1166 [soc] connect   116.213.69.195  80  
[2017/01/25 10:52:29 056] transport  1183 mspsoc.open,prot_type=  tcp  
[2017/01/25 10:52:29 064] transport  545  MSC:[soc] [0] error 10202 101!  
[2017/01/25 10:52:29 064] transport  57   clear_ip ip_type =  def_athopen.xf-yun.com  
[2017/01/25 10:52:29 065] transport  321  soc_conn_failed  
[2017/01/25 10:52:29 065] network    88   iptoenv ,  ipcache  open.xf-yun.com  def  nil  
[2017/01/25 10:52:29 070] transport  390  switch 80  
[2017/01/25 10:52:29 071] transport  1198 [soc] disconnect   
[2017/01/25 10:52:29 272] transport  959  session.domain=  open.xf-yun.com  
[2017/01/25 10:52:29 272] transport  960  url.host=  open.xf-yun.com  
[2017/01/25 10:52:29 275] network    83   ipfromenv ,  ipcache  open.xf-yun.com  def  nil  
[2017/01/25 10:52:29 275] transport  994  NAMESERVER START  
[2017/01/25 10:52:29 276] transport  997  name =   ath  
[2017/01/25 10:52:29 276] ns         727  ntt=  standard  
[2017/01/25 10:52:29 276] transport  1000 trans,ns_inprog =  0  
[2017/01/25 10:52:29 276] ns         682  name server start  
[2017/01/25 10:52:29 277] ns         683  ns_sub =   ath  
[2017/01/25 10:52:29 277] ns         685  ns_host=  open.xf-yun.com  
[2017/01/25 10:52:29 277] ns         403  ns_host=  open.xf-yun.com  
[2017/01/25 10:52:29 278] ns         662  GET /sip/resolver?srand=0125105211.32 HTTP/1.1
Host: hdns.openspeech.cn
Connection: Keep-Alive
X-Par: ver=1.2&appid=587de813&operator=UNKNOW&nettype=STANDARD&cver=5.0.27.1135&svc=ath&host=open.xf-yun.com&sign=4791eedc347fb16ff132ddb2f0255ff7
User-Agent: iFLYCloud

  
[2017/01/25 10:52:29 278] ns         663  net_type =  standard  
[2017/01/25 10:52:29 278] ns         664  cmwapascmnet =  
[2017/01/25 10:52:29 278] ns         665  uniwapasuninet =  
[2017/01/25 10:52:29 279] ns         666  ctwapasctnet =  
[2017/01/25 10:52:29 279] ns         676  host=  hdns.openspeech.cn  
[2017/01/25 10:52:29 292] ns         290  ns dns resp  10214  
[2017/01/25 10:52:29 295] ns         564  ns dns failed, err =   10214  
[2017/01/25 10:52:29 296] ns         174  ns gethttpresp  117.121.48.5  80  
[2017/01/25 10:52:29 301] ns         244  ns soc error  10202  
[2017/01/25 10:52:29 305] ns         407  name server http resp  nil  10202  nil  
[2017/01/25 10:52:29 306] ns         551  ns response failed, err =  10202  
[2017/01/25 10:52:29 307] ns         111  ns_host=  open.xf-yun.com  
[2017/01/25 10:52:29 308] ns         113  use default ip  
[2017/01/25 10:52:29 308] transport  974  ns_ip =   116.213.69.195  
[2017/01/25 10:52:29 311] transport  975  ip_type =  def_athopen.xf-yun.com  
[2017/01/25 10:52:29 312] transport  1166 [soc] connect   116.213.69.195  80  
[2017/01/25 10:52:29 313] transport  1183 mspsoc.open,prot_type=  tcp  
[2017/01/25 10:52:29 318] ns         756  no data in ns_q  
[2017/01/25 10:52:29 318] ns         757  conti_ns,ns_inprog =   1  
[2017/01/25 10:52:29 319] transport  295  [dns] [0] failed! 10214  
[2017/01/25 10:52:29 321] transport  545  MSC:[soc] [0] error 10202 101!  
[2017/01/25 10:52:29 322] transport  57   clear_ip ip_type =  def_athopen.xf-yun.com  
[2017/01/25 10:52:29 322] transport  321  soc_conn_failed  
[2017/01/25 10:52:29 322] network    88   iptoenv ,  ipcache  open.xf-yun.com  def  nil  
[2017/01/25 10:52:29 325] transport  390  switch 80  
[2017/01/25 10:52:29 326] transport  1198 [soc] disconnect   
[2017/01/25 10:52:29 526] transport  959  session.domain=  open.xf-yun.com  
[2017/01/25 10:52:29 526] transport  960  url.host=  open.xf-yun.com  
[2017/01/25 10:52:29 528] network    83   ipfromenv ,  ipcache  open.xf-yun.com  def  nil  
[2017/01/25 10:52:29 529] transport  994  NAMESERVER START  
[2017/01/25 10:52:29 529] transport  997  name =   ath  
[2017/01/25 10:52:29 529] ns         727  ntt=  standard  
[2017/01/25 10:52:29 530] transport  1000 trans,ns_inprog =  0  
[2017/01/25 10:52:29 530] ns         682  name server start  
[2017/01/25 10:52:29 530] ns         683  ns_sub =   ath  
[2017/01/25 10:52:29 530] ns         685  ns_host=  open.xf-yun.com  
[2017/01/25 10:52:29 531] ns         403  ns_host=  open.xf-yun.com  
[2017/01/25 10:52:29 531] ns         662  GET /sip/resolver?srand=0125105211.32 HTTP/1.1
Host: hdns.openspeech.cn
Connection: Keep-Alive
X-Par: ver=1.2&appid=587de813&operator=UNKNOW&nettype=STANDARD&cver=5.0.27.1135&svc=ath&host=open.xf-yun.com&sign=4791eedc347fb16ff132ddb2f0255ff7
User-Agent: iFLYCloud

  
[2017/01/25 10:52:29 532] ns         663  net_type =  standard  
[2017/01/25 10:52:29 532] ns         664  cmwapascmnet =  
[2017/01/25 10:52:29 532] ns         665  uniwapasuninet =  
[2017/01/25 10:52:29 532] ns         666  ctwapasctnet =  
[2017/01/25 10:52:29 532] ns         676  host=  hdns.openspeech.cn  
[2017/01/25 10:52:29 556] ns         290  ns dns resp  10214  
[2017/01/25 10:52:29 558] ns         564  ns dns failed, err =   10214  
[2017/01/25 10:52:29 559] ns         174  ns gethttpresp  117.121.48.5  80  
[2017/01/25 10:52:29 561] transport  295  [dns] [0] failed! 10214  
[2017/01/25 10:52:29 563] network    83   ipfromenv ,  ipcache  open.xf-yun.com  def  nil  
[2017/01/25 10:52:29 566] network    83   ipfromenv ,  ipcfg  open.xf-yun.com  def  nil  
[2017/01/25 10:52:29 566] transport  1166 [soc] connect   116.213.69.195  80  
[2017/01/25 10:52:29 566] transport  1183 mspsoc.open,prot_type=  tcp  
[2017/01/25 10:52:29 569] ns         244  ns soc error  10202  
[2017/01/25 10:52:29 570] ns         407  name server http resp  nil  10202  nil  
[2017/01/25 10:52:29 570] ns         551  ns response failed, err =  10202  
[2017/01/25 10:52:29 570] ns         111  ns_host=  open.xf-yun.com  
[2017/01/25 10:52:29 571] ns         113  use default ip  
[2017/01/25 10:52:29 571] transport  974  ns_ip =   116.213.69.195  
[2017/01/25 10:52:29 571] transport  975  ip_type =  def_athopen.xf-yun.com  
[2017/01/25 10:52:29 571] ns         756  no data in ns_q  
[2017/01/25 10:52:29 572] ns         757  conti_ns,ns_inprog =   1  
[2017/01/25 10:52:29 572] transport  545  MSC:[soc] [0] error 10202 101!  
[2017/01/25 10:52:29 573] transport  57   clear_ip ip_type =  def_athopen.xf-yun.com  
[2017/01/25 10:52:29 573] transport  321  soc_conn_failed  
[2017/01/25 10:52:29 573] network    88   iptoenv ,  ipcache  open.xf-yun.com  def  nil  
[2017/01/25 10:52:29 577] transport  390  switch 80  
[2017/01/25 10:52:29 578] transport  1198 [soc] disconnect   
[2017/01/25 10:52:29 778] transport  959  session.domain=  open.xf-yun.com  
[2017/01/25 10:52:29 778] transport  960  url.host=  open.xf-yun.com  
[2017/01/25 10:52:29 780] network    83   ipfromenv ,  ipcache  open.xf-yun.com  def  nil  
[2017/01/25 10:52:29 781] transport  994  NAMESERVER START  
[2017/01/25 10:52:29 781] transport  997  name =   ath  
[2017/01/25 10:52:29 781] ns         727  ntt=  standard  
[2017/01/25 10:52:29 782] transport  1000 trans,ns_inprog =  0  
[2017/01/25 10:52:29 782] ns         682  name server start  
[2017/01/25 10:52:29 782] ns         683  ns_sub =   ath  
[2017/01/25 10:52:29 782] ns         685  ns_host=  open.xf-yun.com  
[2017/01/25 10:52:29 783] ns         403  ns_host=  open.xf-yun.com  
[2017/01/25 10:52:29 783] ns         662  GET /sip/resolver?srand=0125105211.32 HTTP/1.1
Host: hdns.openspeech.cn
Connection: Keep-Alive
X-Par: ver=1.2&appid=587de813&operator=UNKNOW&nettype=STANDARD&cver=5.0.27.1135&svc=ath&host=open.xf-yun.com&sign=4791eedc347fb16ff132ddb2f0255ff7
User-Agent: iFLYCloud

  
[2017/01/25 10:52:29 783] ns         663  net_type =  standard  
[2017/01/25 10:52:29 784] ns         664  cmwapascmnet =  
[2017/01/25 10:52:29 784] ns         665  uniwapasuninet =  
[2017/01/25 10:52:29 784] ns         666  ctwapasctnet =  
[2017/01/25 10:52:29 784] ns         676  host=  hdns.openspeech.cn  
[2017/01/25 10:52:29 798] ns         290  ns dns resp  10214  
[2017/01/25 10:52:29 799] ns         564  ns dns failed, err =   10214  
[2017/01/25 10:52:29 799] ns         174  ns gethttpresp  117.121.48.5  80  
[2017/01/25 10:52:29 801] ns         244  ns soc error  10202  
[2017/01/25 10:52:29 805] ns         407  name server http resp  nil  10202  nil  
[2017/01/25 10:52:29 806] ns         551  ns response failed, err =  10202  
[2017/01/25 10:52:29 806] ns         111  ns_host=  open.xf-yun.com  
[2017/01/25 10:52:29 807] ns         113  use default ip  
[2017/01/25 10:52:29 807] transport  974  ns_ip =   116.213.69.195  
[2017/01/25 10:52:29 808] transport  975  ip_type =  def_athopen.xf-yun.com  
[2017/01/25 10:52:29 808] transport  1166 [soc] connect   116.213.69.195  80  
[2017/01/25 10:52:29 809] transport  1183 mspsoc.open,prot_type=  tcp  
[2017/01/25 10:52:29 812] ns         756  no data in ns_q  
[2017/01/25 10:52:29 812] ns         757  conti_ns,ns_inprog =   1  
[2017/01/25 10:52:29 813] transport  295  [dns] [0] failed! 10214  
[2017/01/25 10:52:29 818] transport  545  MSC:[soc] [0] error 10202 101!  
[2017/01/25 10:52:29 818] transport  57   clear_ip ip_type =  def_athopen.xf-yun.com  
[2017/01/25 10:52:29 818] transport  321  soc_conn_failed  
[2017/01/25 10:52:29 819] network    88   iptoenv ,  ipcache  open.xf-yun.com  def  nil  
[2017/01/25 10:52:29 821] transport  390  switch 80  
[2017/01/25 10:52:29 822] transport  1198 [soc] disconnect   
[2017/01/25 10:52:30 024] transport  959  session.domain=  open.xf-yun.com  
[2017/01/25 10:52:30 024] transport  960  url.host=  open.xf-yun.com  
[2017/01/25 10:52:30 027] network    83   ipfromenv ,  ipcache  open.xf-yun.com  def  nil  
[2017/01/25 10:52:30 028] transport  994  NAMESERVER START  
[2017/01/25 10:52:30 028] transport  997  name =   ath  
[2017/01/25 10:52:30 028] ns         727  ntt=  standard  
[2017/01/25 10:52:30 029] transport  1000 trans,ns_inprog =  0  
[2017/01/25 10:52:30 029] ns         682  name server start  
[2017/01/25 10:52:30 029] ns         683  ns_sub =   ath  
[2017/01/25 10:52:30 030] ns         685  ns_host=  open.xf-yun.com  
[2017/01/25 10:52:30 030] ns         403  ns_host=  open.xf-yun.com  
[2017/01/25 10:52:30 030] ns         662  GET /sip/resolver?srand=0125105211.32 HTTP/1.1
Host: hdns.openspeech.cn
Connection: Keep-Alive
X-Par: ver=1.2&appid=587de813&operator=UNKNOW&nettype=STANDARD&cver=5.0.27.1135&svc=ath&host=open.xf-yun.com&sign=4791eedc347fb16ff132ddb2f0255ff7
User-Agent: iFLYCloud

  
[2017/01/25 10:52:30 031] ns         663  net_type =  standard  
[2017/01/25 10:52:30 031] ns         664  cmwapascmnet =  
[2017/01/25 10:52:30 031] ns         665  uniwapasuninet =  
[2017/01/25 10:52:30 032] ns         666  ctwapasctnet =  
[2017/01/25 10:52:30 032] ns         676  host=  hdns.openspeech.cn  
[2017/01/25 10:52:30 048] ns         290  ns dns resp  10214  
[2017/01/25 10:52:30 049] ns         564  ns dns failed, err =   10214  
[2017/01/25 10:52:30 050] ns         174  ns gethttpresp  117.121.48.5  80  
[2017/01/25 10:52:30 056] ns         244  ns soc error  10202  
[2017/01/25 10:52:30 059] ns         407  name server http resp  nil  10202  nil  
[2017/01/25 10:52:30 060] ns         551  ns response failed, err =  10202  
[2017/01/25 10:52:30 060] ns         111  ns_host=  open.xf-yun.com  
[2017/01/25 10:52:30 062] ns         113  use default ip  
[2017/01/25 10:52:30 062] transport  974  ns_ip =   116.213.69.195  
[2017/01/25 10:52:30 068] transport  975  ip_type =  def_athopen.xf-yun.com  
[2017/01/25 10:52:30 069] transport  1166 [soc] connect   116.213.69.195  80  
[2017/01/25 10:52:30 072] transport  1183 mspsoc.open,prot_type=  tcp  
[2017/01/25 10:52:30 078] ns         756  no data in ns_q  
[2017/01/25 10:52:30 079] ns         757  conti_ns,ns_inprog =   1  
[2017/01/25 10:52:30 080] transport  295  [dns] [0] failed! 10214  
[2017/01/25 10:52:30 081] transport  545  MSC:[soc] [0] error 10202 101!  
[2017/01/25 10:52:30 082] transport  57   clear_ip ip_type =  def_athopen.xf-yun.com  
[2017/01/25 10:52:30 082] transport  321  soc_conn_failed  
[2017/01/25 10:52:30 082] network    88   iptoenv ,  ipcache  open.xf-yun.com  def  nil  
[2017/01/25 10:52:30 086] transport  390  switch 80  
[2017/01/25 10:52:30 087] transport  1198 [soc] disconnect   
[2017/01/25 10:52:30 289] transport  959  session.domain=  open.xf-yun.com  
[2017/01/25 10:52:30 289] transport  960  url.host=  open.xf-yun.com  
[2017/01/25 10:52:30 292] network    83   ipfromenv ,  ipcache  open.xf-yun.com  def  nil  
[2017/01/25 10:52:30 293] transport  994  NAMESERVER START  
[2017/01/25 10:52:30 293] transport  997  name =   ath  
[2017/01/25 10:52:30 293] ns         727  ntt=  standard  
[2017/01/25 10:52:30 294] transport  1000 trans,ns_inprog =  0  
[2017/01/25 10:52:30 294] ns         682  name server start  
[2017/01/25 10:52:30 294] ns         683  ns_sub =   ath  
[2017/01/25 10:52:30 294] ns         685  ns_host=  open.xf-yun.com  
[2017/01/25 10:52:30 295] ns         403  ns_host=  open.xf-yun.com  
[2017/01/25 10:52:30 295] ns         662  GET /sip/resolver?srand=0125105211.32 HTTP/1.1
Host: hdns.openspeech.cn
Connection: Keep-Alive
X-Par: ver=1.2&appid=587de813&operator=UNKNOW&nettype=STANDARD&cver=5.0.27.1135&svc=ath&host=open.xf-yun.com&sign=4791eedc347fb16ff132ddb2f0255ff7
User-Agent: iFLYCloud

  
[2017/01/25 10:52:30 296] ns         663  net_type =  standard  
[2017/01/25 10:52:30 296] ns         664  cmwapascmnet =  
[2017/01/25 10:52:30 296] ns         665  uniwapasuninet =  
[2017/01/25 10:52:30 297] ns         666  ctwapasctnet =  
[2017/01/25 10:52:30 297] ns         676  host=  hdns.openspeech.cn  
[2017/01/25 10:52:30 316] ns         290  ns dns resp  10214  
[2017/01/25 10:52:30 318] ns         564  ns dns failed, err =   10214  
[2017/01/25 10:52:30 318] ns         174  ns gethttpresp  117.121.48.5  80  
[2017/01/25 10:52:30 332] transport  295  [dns] [0] failed! 10214  
[2017/01/25 10:52:30 338] network    83   ipfromenv ,  ipcache  open.xf-yun.com  def  nil  
[2017/01/25 10:52:30 344] network    83   ipfromenv ,  ipcfg  open.xf-yun.com  def  nil  
[2017/01/25 10:52:30 345] transport  1166 [soc] connect   116.213.69.195  80  
[2017/01/25 10:52:30 346] transport  1183 mspsoc.open,prot_type=  tcp  
[2017/01/25 10:52:30 348] ns         244  ns soc error  10202  
[2017/01/25 10:52:30 350] ns         407  name server http resp  nil  10202  nil  
[2017/01/25 10:52:30 350] ns         551  ns response failed, err =  10202  
[2017/01/25 10:52:30 350] ns         111  ns_host=  open.xf-yun.com  
[2017/01/25 10:52:30 351] ns         113  use default ip  
[2017/01/25 10:52:30 351] transport  974  ns_ip =   116.213.69.195  
[2017/01/25 10:52:30 352] transport  975  ip_type =  def_athopen.xf-yun.com  
[2017/01/25 10:52:30 352] ns         756  no data in ns_q  
[2017/01/25 10:52:30 352] ns         757  conti_ns,ns_inprog =   1  
[2017/01/25 10:52:30 353] transport  545  MSC:[soc] [0] error 10202 101!  
[2017/01/25 10:52:30 354] transport  57   clear_ip ip_type =  def_athopen.xf-yun.com  
[2017/01/25 10:52:30 354] transport  321  soc_conn_failed  
[2017/01/25 10:52:30 354] network    88   iptoenv ,  ipcache  open.xf-yun.com  def  nil  
[2017/01/25 10:52:30 356] transport  390  switch 80  
[2017/01/25 10:52:30 357] transport  1198 [soc] disconnect   
[2017/01/25 10:52:30 559] transport  959  session.domain=  open.xf-yun.com  
[2017/01/25 10:52:30 559] transport  960  url.host=  open.xf-yun.com  
[2017/01/25 10:52:30 562] network    83   ipfromenv ,  ipcache  open.xf-yun.com  def  nil  
[2017/01/25 10:52:30 562] transport  994  NAMESERVER START  
[2017/01/25 10:52:30 563] transport  997  name =   ath  
[2017/01/25 10:52:30 563] ns         727  ntt=  standard  
[2017/01/25 10:52:30 563] transport  1000 trans,ns_inprog =  0  
[2017/01/25 10:52:30 563] ns         682  name server start  
[2017/01/25 10:52:30 564] ns         683  ns_sub =   ath  
[2017/01/25 10:52:30 564] ns         685  ns_host=  open.xf-yun.com  
[2017/01/25 10:52:30 564] ns         403  ns_host=  open.xf-yun.com  
[2017/01/25 10:52:30 565] ns         662  GET /sip/resolver?srand=0125105211.32 HTTP/1.1
Host: hdns.openspeech.cn
Connection: Keep-Alive
X-Par: ver=1.2&appid=587de813&operator=UNKNOW&nettype=STANDARD&cver=5.0.27.1135&svc=ath&host=open.xf-yun.com&sign=4791eedc347fb16ff132ddb2f0255ff7
User-Agent: iFLYCloud

  
[2017/01/25 10:52:30 565] ns         663  net_type =  standard  
[2017/01/25 10:52:30 566] ns         664  cmwapascmnet =  
[2017/01/25 10:52:30 566] ns         665  uniwapasuninet =  
[2017/01/25 10:52:30 566] ns         666  ctwapasctnet =  
[2017/01/25 10:52:30 566] ns         676  host=  hdns.openspeech.cn  
[2017/01/25 10:52:30 597] ns         290  ns dns resp  10214  
[2017/01/25 10:52:30 604] ns         564  ns dns failed, err =   10214  
[2017/01/25 10:52:30 604] ns         174  ns gethttpresp  117.121.48.5  80  
[2017/01/25 10:52:30 607] transport  295  [dns] [0] failed! 10214  
[2017/01/25 10:52:30 609] network    83   ipfromenv ,  ipcache  open.xf-yun.com  def  nil  
[2017/01/25 10:52:30 612] network    83   ipfromenv ,  ipcfg  open.xf-yun.com  def  nil  
[2017/01/25 10:52:30 612] transport  1166 [soc] connect   116.213.69.195  80  
[2017/01/25 10:52:30 613] transport  1183 mspsoc.open,prot_type=  tcp  
[2017/01/25 10:52:30 615] ns         244  ns soc error  10202  
[2017/01/25 10:52:30 616] ns         407  name server http resp  nil  10202  nil  
[2017/01/25 10:52:30 616] ns         551  ns response failed, err =  10202  
[2017/01/25 10:52:30 616] ns         111  ns_host=  open.xf-yun.com  
[2017/01/25 10:52:30 616] ns         113  use default ip  
[2017/01/25 10:52:30 617] transport  974  ns_ip =   116.213.69.195  
[2017/01/25 10:52:30 617] transport  975  ip_type =  def_athopen.xf-yun.com  
[2017/01/25 10:52:30 617] ns         756  no data in ns_q  
[2017/01/25 10:52:30 617] ns         757  conti_ns,ns_inprog =   1  
[2017/01/25 10:52:30 618] transport  545  MSC:[soc] [0] error 10202 101!  
[2017/01/25 10:52:30 619] transport  57   clear_ip ip_type =  def_athopen.xf-yun.com  
[2017/01/25 10:52:30 619] transport  321  soc_conn_failed  
[2017/01/25 10:52:30 619] network    88   iptoenv ,  ipcache  open.xf-yun.com  def  nil  
[2017/01/25 10:52:30 622] transport  390  switch 80  
[2017/01/25 10:52:30 623] transport  1198 [soc] disconnect   
[2017/01/25 10:52:30 824] transport  959  session.domain=  open.xf-yun.com  
[2017/01/25 10:52:30 825] transport  960  url.host=  open.xf-yun.com  
[2017/01/25 10:52:30 827] network    83   ipfromenv ,  ipcache  open.xf-yun.com  def  nil  
[2017/01/25 10:52:30 828] transport  994  NAMESERVER START  
[2017/01/25 10:52:30 828] transport  997  name =   ath  
[2017/01/25 10:52:30 828] ns         727  ntt=  standard  
[2017/01/25 10:52:30 828] transport  1000 trans,ns_inprog =  0  
[2017/01/25 10:52:30 829] ns         682  name server start  
[2017/01/25 10:52:30 829] ns         683  ns_sub =   ath  
[2017/01/25 10:52:30 829] ns         685  ns_host=  open.xf-yun.com  
[2017/01/25 10:52:30 830] ns         403  ns_host=  open.xf-yun.com  
[2017/01/25 10:52:30 830] ns         662  GET /sip/resolver?srand=0125105211.32 HTTP/1.1
Host: hdns.openspeech.cn
Connection: Keep-Alive
X-Par: ver=1.2&appid=587de813&operator=UNKNOW&nettype=STANDARD&cver=5.0.27.1135&svc=ath&host=open.xf-yun.com&sign=4791eedc347fb16ff132ddb2f0255ff7
User-Agent: iFLYCloud

  
[2017/01/25 10:52:30 830] ns         663  net_type =  standard  
[2017/01/25 10:52:30 830] ns         664  cmwapascmnet =  
[2017/01/25 10:52:30 831] ns         665  uniwapasuninet =  
[2017/01/25 10:52:30 831] ns         666  ctwapasctnet =  
[2017/01/25 10:52:30 831] ns         676  host=  hdns.openspeech.cn  
[2017/01/25 10:52:30 844] ns         290  ns dns resp  10214  
[2017/01/25 10:52:30 844] ns         564  ns dns failed, err =   10214  
[2017/01/25 10:52:30 844] ns         174  ns gethttpresp  117.121.48.5  80  
[2017/01/25 10:52:30 846] ns         244  ns soc error  10202  
[2017/01/25 10:52:30 847] ns         407  name server http resp  nil  10202  nil  
[2017/01/25 10:52:30 847] ns         551  ns response failed, err =  10202  
[2017/01/25 10:52:30 852] ns         111  ns_host=  open.xf-yun.com  
[2017/01/25 10:52:30 854] ns         113  use default ip  
[2017/01/25 10:52:30 855] transport  974  ns_ip =   116.213.69.195  
[2017/01/25 10:52:30 855] transport  975  ip_type =  def_athopen.xf-yun.com  
[2017/01/25 10:52:30 857] transport  1166 [soc] connect   116.213.69.195  80  
[2017/01/25 10:52:30 860] transport  1183 mspsoc.open,prot_type=  tcp  
[2017/01/25 10:52:30 863] ns         756  no data in ns_q  
[2017/01/25 10:52:30 863] ns         757  conti_ns,ns_inprog =   1  
[2017/01/25 10:52:30 864] transport  545  MSC:[soc] [0] error 10202 101!  
[2017/01/25 10:52:30 865] transport  57   clear_ip ip_type =  def_athopen.xf-yun.com  
[2017/01/25 10:52:30 868] transport  321  soc_conn_failed  
[2017/01/25 10:52:30 868] network    88   iptoenv ,  ipcache  open.xf-yun.com  def  nil  
[2017/01/25 10:52:30 872] transport  390  switch 80  
[2017/01/25 10:52:30 873] transport  1198 [soc] disconnect   
[2017/01/25 10:52:30 874] transport  295  [dns] [0] failed! 10214  
[2017/01/25 10:52:30 878] network    83   ipfromenv ,  ipcache  open.xf-yun.com  def  nil  
[2017/01/25 10:52:30 883] network    83   ipfromenv ,  ipcfg  open.xf-yun.com  def  nil  
[2017/01/25 10:52:30 883] transport  1166 [soc] connect   116.213.69.195  80  
[2017/01/25 10:52:30 885] transport  1183 mspsoc.open,prot_type=  tcp  
[2017/01/25 10:52:30 887] transport  545  MSC:[soc] [0] error 10202 101!  
[2017/01/25 10:52:30 890] transport  57   clear_ip ip_type =  def_athopen.xf-yun.com  
[2017/01/25 10:52:30 891] transport  321  soc_conn_failed  
[2017/01/25 10:52:30 891] network    88   iptoenv ,  ipcache  open.xf-yun.com  def  nil  
[2017/01/25 10:52:30 898] transport  390  switch 80  
[2017/01/25 10:52:30 901] transport  1198 [soc] disconnect   
[2017/01/25 10:52:31 102] transport  959  session.domain=  open.xf-yun.com  
[2017/01/25 10:52:31 102] transport  960  url.host=  open.xf-yun.com  
[2017/01/25 10:52:31 105] network    83   ipfromenv ,  ipcache  open.xf-yun.com  def  nil  
[2017/01/25 10:52:31 106] transport  994  NAMESERVER START  
[2017/01/25 10:52:31 106] transport  997  name =   ath  
[2017/01/25 10:52:31 106] ns         727  ntt=  standard  
[2017/01/25 10:52:31 107] transport  1000 trans,ns_inprog =  0  
[2017/01/25 10:52:31 107] ns         682  name server start  
[2017/01/25 10:52:31 107] ns         683  ns_sub =   ath  
[2017/01/25 10:52:31 108] ns         685  ns_host=  open.xf-yun.com  
[2017/01/25 10:52:31 108] ns         403  ns_host=  open.xf-yun.com  
[2017/01/25 10:52:31 108] ns         662  GET /sip/resolver?srand=0125105211.32 HTTP/1.1
Host: hdns.openspeech.cn
Connection: Keep-Alive
X-Par: ver=1.2&appid=587de813&operator=UNKNOW&nettype=STANDARD&cver=5.0.27.1135&svc=ath&host=open.xf-yun.com&sign=4791eedc347fb16ff132ddb2f0255ff7
User-Agent: iFLYCloud

  
[2017/01/25 10:52:31 109] ns         663  net_type =  standard  
[2017/01/25 10:52:31 109] ns         664  cmwapascmnet =  
[2017/01/25 10:52:31 109] ns         665  uniwapasuninet =  
[2017/01/25 10:52:31 109] ns         666  ctwapasctnet =  
[2017/01/25 10:52:31 110] ns         676  host=  hdns.openspeech.cn  
[2017/01/25 10:52:31 120] ns         290  ns dns resp  10214  
[2017/01/25 10:52:31 120] ns         564  ns dns failed, err =   10214  
[2017/01/25 10:52:31 121] ns         174  ns gethttpresp  117.121.48.5  80  
[2017/01/25 10:52:31 123] ns         244  ns soc error  10202  
[2017/01/25 10:52:31 123] ns         407  name server http resp  nil  10202  nil  
[2017/01/25 10:52:31 123] ns         551  ns response failed, err =  10202  
[2017/01/25 10:52:31 124] ns         111  ns_host=  open.xf-yun.com  
[2017/01/25 10:52:31 124] ns         113  use default ip  
[2017/01/25 10:52:31 124] transport  974  ns_ip =   116.213.69.195  
[2017/01/25 10:52:31 124] transport  975  ip_type =  def_athopen.xf-yun.com  
[2017/01/25 10:52:31 124] transport  1166 [soc] connect   116.213.69.195  80  
[2017/01/25 10:52:31 125] transport  1183 mspsoc.open,prot_type=  tcp  
[2017/01/25 10:52:31 126] ns         756  no data in ns_q  
[2017/01/25 10:52:31 128] ns         757  conti_ns,ns_inprog =   1  
[2017/01/25 10:52:31 130] transport  545  MSC:[soc] [0] error 10202 101!  
[2017/01/25 10:52:31 132] transport  57   clear_ip ip_type =  def_athopen.xf-yun.com  
[2017/01/25 10:52:31 133] transport  321  soc_conn_failed  
[2017/01/25 10:52:31 134] network    88   iptoenv ,  ipcache  open.xf-yun.com  def  nil  
[2017/01/25 10:52:31 139] transport  390  switch 80  
[2017/01/25 10:52:31 145] transport  1198 [soc] disconnect   
[2017/01/25 10:52:31 151] transport  295  [dns] [0] failed! 10214  
[2017/01/25 10:52:31 160] network    83   ipfromenv ,  ipcache  open.xf-yun.com  def  nil  
[2017/01/25 10:52:31 166] network    83   ipfromenv ,  ipcfg  open.xf-yun.com  def  nil  
[2017/01/25 10:52:31 170] transport  1166 [soc] connect   116.213.69.195  80  
[2017/01/25 10:52:31 171] transport  1183 mspsoc.open,prot_type=  tcp  
[2017/01/25 10:52:31 181] transport  545  MSC:[soc] [0] error 10202 101!  
[2017/01/25 10:52:31 182] transport  57   clear_ip ip_type =  def_athopen.xf-yun.com  
[2017/01/25 10:52:31 182] transport  321  soc_conn_failed  
[2017/01/25 10:52:31 182] network    88   iptoenv ,  ipcache  open.xf-yun.com  def  nil  
[2017/01/25 10:52:31 186] transport  390  switch 80  
[2017/01/25 10:52:31 187] transport  1198 [soc] disconnect   
[2017/01/25 10:52:31 388] transport  959  session.domain=  open.xf-yun.com  
[2017/01/25 10:52:31 389] transport  960  url.host=  open.xf-yun.com  
[2017/01/25 10:52:31 392] network    83   ipfromenv ,  ipcache  open.xf-yun.com  def  nil  
[2017/01/25 10:52:31 392] transport  994  NAMESERVER START  
[2017/01/25 10:52:31 393] transport  997  name =   ath  
[2017/01/25 10:52:31 393] ns         727  ntt=  standard  
[2017/01/25 10:52:31 393] transport  1000 trans,ns_inprog =  0  
[2017/01/25 10:52:31 394] ns         682  name server start  
[2017/01/25 10:52:31 394] ns         683  ns_sub =   ath  
[2017/01/25 10:52:31 394] ns         685  ns_host=  open.xf-yun.com  
[2017/01/25 10:52:31 395] ns         403  ns_host=  open.xf-yun.com  
[2017/01/25 10:52:31 395] ns         662  GET /sip/resolver?srand=0125105211.32 HTTP/1.1
Host: hdns.openspeech.cn
Connection: Keep-Alive
X-Par: ver=1.2&appid=587de813&operator=UNKNOW&nettype=STANDARD&cver=5.0.27.1135&svc=ath&host=open.xf-yun.com&sign=4791eedc347fb16ff132ddb2f0255ff7
User-Agent: iFLYCloud

  
[2017/01/25 10:52:31 395] ns         663  net_type =  standard  
[2017/01/25 10:52:31 396] ns         664  cmwapascmnet =  
[2017/01/25 10:52:31 396] ns         665  uniwapasuninet =  
[2017/01/25 10:52:31 396] ns         666  ctwapasctnet =  
[2017/01/25 10:52:31 396] ns         676  host=  hdns.openspeech.cn  
[2017/01/25 10:52:31 412] ns         290  ns dns resp  10214  
[2017/01/25 10:52:31 419] ns         564  ns dns failed, err =   10214  
[2017/01/25 10:52:31 423] ns         174  ns gethttpresp  117.121.48.5  80  
[2017/01/25 10:52:31 428] transport  295  [dns] [0] failed! 10214  
[2017/01/25 10:52:31 430] network    83   ipfromenv ,  ipcache  open.xf-yun.com  def  nil  
[2017/01/25 10:52:31 434] network    83   ipfromenv ,  ipcfg  open.xf-yun.com  def  nil  
[2017/01/25 10:52:31 434] transport  1166 [soc] connect   116.213.69.195  80  
[2017/01/25 10:52:31 435] transport  1183 mspsoc.open,prot_type=  tcp  
[2017/01/25 10:52:31 436] ns         244  ns soc error  10202  
[2017/01/25 10:52:31 437] ns         407  name server http resp  nil  10202  nil  
[2017/01/25 10:52:31 437] ns         551  ns response failed, err =  10202  
[2017/01/25 10:52:31 438] ns         111  ns_host=  open.xf-yun.com  
[2017/01/25 10:52:31 438] ns         113  use default ip  
[2017/01/25 10:52:31 438] transport  974  ns_ip =   116.213.69.195  
[2017/01/25 10:52:31 438] transport  975  ip_type =  def_athopen.xf-yun.com  
[2017/01/25 10:52:31 439] ns         756  no data in ns_q  
[2017/01/25 10:52:31 439] ns         757  conti_ns,ns_inprog =   1  
[2017/01/25 10:52:31 440] transport  545  MSC:[soc] [0] error 10202 101!  
[2017/01/25 10:52:31 441] transport  57   clear_ip ip_type =  def_athopen.xf-yun.com  
[2017/01/25 10:52:31 441] transport  321  soc_conn_failed  
[2017/01/25 10:52:31 441] network    88   iptoenv ,  ipcache  open.xf-yun.com  def  nil  
[2017/01/25 10:52:31 444] transport  390  switch 80  
[2017/01/25 10:52:31 445] transport  1198 [soc] disconnect   
[2017/01/25 10:52:31 647] transport  959  session.domain=  open.xf-yun.com  
[2017/01/25 10:52:31 647] transport  960  url.host=  open.xf-yun.com  
[2017/01/25 10:52:31 649] network    83   ipfromenv ,  ipcache  open.xf-yun.com  def  nil  
[2017/01/25 10:52:31 650] transport  994  NAMESERVER START  
[2017/01/25 10:52:31 650] transport  997  name =   ath  
[2017/01/25 10:52:31 650] ns         727  ntt=  standard  
[2017/01/25 10:52:31 651] transport  1000 trans,ns_inprog =  0  
[2017/01/25 10:52:31 651] ns         682  name server start  
[2017/01/25 10:52:31 651] ns         683  ns_sub =   ath  
[2017/01/25 10:52:31 651] ns         685  ns_host=  open.xf-yun.com  
[2017/01/25 10:52:31 652] ns         403  ns_host=  open.xf-yun.com  
[2017/01/25 10:52:31 652] ns         662  GET /sip/resolver?srand=0125105211.32 HTTP/1.1
Host: hdns.openspeech.cn
Connection: Keep-Alive
X-Par: ver=1.2&appid=587de813&operator=UNKNOW&nettype=STANDARD&cver=5.0.27.1135&svc=ath&host=open.xf-yun.com&sign=4791eedc347fb16ff132ddb2f0255ff7
User-Agent: iFLYCloud

  
[2017/01/25 10:52:31 652] ns         663  net_type =  standard  
[2017/01/25 10:52:31 652] ns         664  cmwapascmnet =  
[2017/01/25 10:52:31 653] ns         665  uniwapasuninet =  
[2017/01/25 10:52:31 653] ns         666  ctwapasctnet =  
[2017/01/25 10:52:31 653] ns         676  host=  hdns.openspeech.cn  
[2017/01/25 10:52:31 673] ns         290  ns dns resp  10214  
[2017/01/25 10:52:31 678] ns         564  ns dns failed, err =   10214  
[2017/01/25 10:52:31 679] ns         174  ns gethttpresp  117.121.48.5  80  
[2017/01/25 10:52:31 681] transport  295  [dns] [0] failed! 10214  
[2017/01/25 10:52:31 684] network    83   ipfromenv ,  ipcache  open.xf-yun.com  def  nil  
[2017/01/25 10:52:31 686] network    83   ipfromenv ,  ipcfg  open.xf-yun.com  def  nil  
[2017/01/25 10:52:31 687] transport  1166 [soc] connect   116.213.69.195  80  
[2017/01/25 10:52:31 688] transport  1183 mspsoc.open,prot_type=  tcp  
[2017/01/25 10:52:31 691] ns         244  ns soc error  10202  
[2017/01/25 10:52:31 691] ns         407  name server http resp  nil  10202  nil  
[2017/01/25 10:52:31 692] ns         551  ns response failed, err =  10202  
[2017/01/25 10:52:31 692] ns         111  ns_host=  open.xf-yun.com  
[2017/01/25 10:52:31 692] ns         113  use default ip  
[2017/01/25 10:52:31 692] transport  974  ns_ip =   116.213.69.195  
[2017/01/25 10:52:31 693] transport  975  ip_type =  def_athopen.xf-yun.com  
[2017/01/25 10:52:31 693] ns         756  no data in ns_q  
[2017/01/25 10:52:31 693] ns         757  conti_ns,ns_inprog =   1  
[2017/01/25 10:52:31 694] transport  545  MSC:[soc] [0] error 10202 101!  
[2017/01/25 10:52:31 694] transport  57   clear_ip ip_type =  def_athopen.xf-yun.com  
[2017/01/25 10:52:31 695] transport  321  soc_conn_failed  
[2017/01/25 10:52:31 695] network    88   iptoenv ,  ipcache  open.xf-yun.com  def  nil  
[2017/01/25 10:52:31 698] transport  390  switch 80  
[2017/01/25 10:52:31 699] transport  1198 [soc] disconnect   
[2017/01/25 10:52:31 899] transport  959  session.domain=  open.xf-yun.com  
[2017/01/25 10:52:31 900] transport  960  url.host=  open.xf-yun.com  
[2017/01/25 10:52:31 902] network    83   ipfromenv ,  ipcache  open.xf-yun.com  def  nil  
[2017/01/25 10:52:31 903] transport  994  NAMESERVER START  
[2017/01/25 10:52:31 903] transport  997  name =   ath  
[2017/01/25 10:52:31 903] ns         727  ntt=  standard  
[2017/01/25 10:52:31 904] transport  1000 trans,ns_inprog =  0  
[2017/01/25 10:52:31 904] ns         682  name server start  
[2017/01/25 10:52:31 904] ns         683  ns_sub =   ath  
[2017/01/25 10:52:31 904] ns         685  ns_host=  open.xf-yun.com  
[2017/01/25 10:52:31 905] ns         403  ns_host=  open.xf-yun.com  
[2017/01/25 10:52:31 905] ns         662  GET /sip/resolver?srand=0125105211.32 HTTP/1.1
Host: hdns.openspeech.cn
Connection: Keep-Alive
X-Par: ver=1.2&appid=587de813&operator=UNKNOW&nettype=STANDARD&cver=5.0.27.1135&svc=ath&host=open.xf-yun.com&sign=4791eedc347fb16ff132ddb2f0255ff7
User-Agent: iFLYCloud

  
[2017/01/25 10:52:31 905] ns         663  net_type =  standard  
[2017/01/25 10:52:31 906] ns         664  cmwapascmnet =  
[2017/01/25 10:52:31 906] ns         665  uniwapasuninet =  
[2017/01/25 10:52:31 906] ns         666  ctwapasctnet =  
[2017/01/25 10:52:31 906] ns         676  host=  hdns.openspeech.cn  
[2017/01/25 10:52:31 919] ns         290  ns dns resp  10214  
[2017/01/25 10:52:31 922] ns         564  ns dns failed, err =   10214  
[2017/01/25 10:52:31 923] ns         174  ns gethttpresp  117.121.48.5  80  
[2017/01/25 10:52:31 925] ns         244  ns soc error  10202  
[2017/01/25 10:52:31 925] ns         407  name server http resp  nil  10202  nil  
[2017/01/25 10:52:31 926] ns         551  ns response failed, err =  10202  
[2017/01/25 10:52:31 926] ns         111  ns_host=  open.xf-yun.com  
[2017/01/25 10:52:31 926] ns         113  use default ip  
[2017/01/25 10:52:31 926] transport  974  ns_ip =   116.213.69.195  
[2017/01/25 10:52:31 927] transport  975  ip_type =  def_athopen.xf-yun.com  
[2017/01/25 10:52:31 927] transport  1166 [soc] connect   116.213.69.195  80  
[2017/01/25 10:52:31 927] transport  1183 mspsoc.open,prot_type=  tcp  
[2017/01/25 10:52:31 929] ns         756  no data in ns_q  
[2017/01/25 10:52:31 929] ns         757  conti_ns,ns_inprog =   1  
[2017/01/25 10:52:31 931] transport  545  MSC:[soc] [0] error 10202 101!  
[2017/01/25 10:52:31 937] transport  57   clear_ip ip_type =  def_athopen.xf-yun.com  
[2017/01/25 10:52:31 938] transport  321  soc_conn_failed  
[2017/01/25 10:52:31 938] network    88   iptoenv ,  ipcache  open.xf-yun.com  def  nil  
[2017/01/25 10:52:31 942] transport  390  switch 80  
[2017/01/25 10:52:31 943] transport  1198 [soc] disconnect   
[2017/01/25 10:52:31 945] transport  295  [dns] [0] failed! 10214  
[2017/01/25 10:52:31 957] network    83   ipfromenv ,  ipcache  open.xf-yun.com  def  nil  
[2017/01/25 10:52:31 962] network    83   ipfromenv ,  ipcfg  open.xf-yun.com  def  nil  
[2017/01/25 10:52:31 962] transport  1166 [soc] connect   116.213.69.195  80  
[2017/01/25 10:52:31 963] transport  1183 mspsoc.open,prot_type=  tcp  
[2017/01/25 10:52:31 965] transport  545  MSC:[soc] [0] error 10202 101!  
[2017/01/25 10:52:31 966] transport  57   clear_ip ip_type =  def_athopen.xf-yun.com  
[2017/01/25 10:52:31 966] transport  321  soc_conn_failed  
[2017/01/25 10:52:31 966] network    88   iptoenv ,  ipcache  open.xf-yun.com  def  nil  
[2017/01/25 10:52:31 969] transport  390  switch 80  
[2017/01/25 10:52:31 970] transport  1198 [soc] disconnect   
[2017/01/25 10:52:32 170] transport  959  session.domain=  open.xf-yun.com  
[2017/01/25 10:52:32 171] transport  960  url.host=  open.xf-yun.com  
[2017/01/25 10:52:32 173] network    83   ipfromenv ,  ipcache  open.xf-yun.com  def  nil  
[2017/01/25 10:52:32 174] transport  994  NAMESERVER START  
[2017/01/25 10:52:32 174] transport  997  name =   ath  
[2017/01/25 10:52:32 174] ns         727  ntt=  standard  
[2017/01/25 10:52:32 175] transport  1000 trans,ns_inprog =  0  
[2017/01/25 10:52:32 175] ns         682  name server start  
[2017/01/25 10:52:32 175] ns         683  ns_sub =   ath  
[2017/01/25 10:52:32 175] ns         685  ns_host=  open.xf-yun.com  
[2017/01/25 10:52:32 176] ns         403  ns_host=  open.xf-yun.com  
[2017/01/25 10:52:32 176] ns         662  GET /sip/resolver?srand=0125105211.32 HTTP/1.1
Host: hdns.openspeech.cn
Connection: Keep-Alive
X-Par: ver=1.2&appid=587de813&operator=UNKNOW&nettype=STANDARD&cver=5.0.27.1135&svc=ath&host=open.xf-yun.com&sign=4791eedc347fb16ff132ddb2f0255ff7
User-Agent: iFLYCloud

  
[2017/01/25 10:52:32 176] ns         663  net_type =  standard  
[2017/01/25 10:52:32 177] ns         664  cmwapascmnet =  
[2017/01/25 10:52:32 177] ns         665  uniwapasuninet =  
[2017/01/25 10:52:32 177] ns         666  ctwapasctnet =  
[2017/01/25 10:52:32 177] ns         676  host=  hdns.openspeech.cn  
[2017/01/25 10:52:32 191] ns         290  ns dns resp  10214  
[2017/01/25 10:52:32 191] ns         564  ns dns failed, err =   10214  
[2017/01/25 10:52:32 192] ns         174  ns gethttpresp  117.121.48.5  80  
[2017/01/25 10:52:32 198] ns         244  ns soc error  10202  
[2017/01/25 10:52:32 199] ns         407  name server http resp  nil  10202  nil  
[2017/01/25 10:52:32 200] ns         551  ns response failed, err =  10202  
[2017/01/25 10:52:32 200] ns         111  ns_host=  open.xf-yun.com  
[2017/01/25 10:52:32 201] ns         113  use default ip  
[2017/01/25 10:52:32 202] transport  974  ns_ip =   116.213.69.195  
[2017/01/25 10:52:32 203] transport  975  ip_type =  def_athopen.xf-yun.com  
[2017/01/25 10:52:32 204] transport  1166 [soc] connect   116.213.69.195  80  
[2017/01/25 10:52:32 205] transport  1183 mspsoc.open,prot_type=  tcp  
[2017/01/25 10:52:32 210] ns         756  no data in ns_q  
[2017/01/25 10:52:32 210] ns         757  conti_ns,ns_inprog =   1  
[2017/01/25 10:52:32 212] transport  295  [dns] [0] failed! 10214  
[2017/01/25 10:52:32 212] transport  545  MSC:[soc] [0] error 10202 101!  
[2017/01/25 10:52:32 213] transport  57   clear_ip ip_type =  def_athopen.xf-yun.com  
[2017/01/25 10:52:32 213] transport  321  soc_conn_failed  
[2017/01/25 10:52:32 214] network    88   iptoenv ,  ipcache  open.xf-yun.com  def  nil  
[2017/01/25 10:52:32 216] transport  390  switch 80  
[2017/01/25 10:52:32 217] transport  1198 [soc] disconnect   
[2017/01/25 10:52:32 418] transport  959  session.domain=  open.xf-yun.com  
[2017/01/25 10:52:32 419] transport  960  url.host=  open.xf-yun.com  
[2017/01/25 10:52:32 421] network    83   ipfromenv ,  ipcache  open.xf-yun.com  def  nil  
[2017/01/25 10:52:32 422] transport  994  NAMESERVER START  
[2017/01/25 10:52:32 422] transport  997  name =   ath  
[2017/01/25 10:52:32 422] ns         727  ntt=  standard  
[2017/01/25 10:52:32 422] transport  1000 trans,ns_inprog =  0  
[2017/01/25 10:52:32 423] ns         682  name server start  
[2017/01/25 10:52:32 423] ns         683  ns_sub =   ath  
[2017/01/25 10:52:32 423] ns         685  ns_host=  open.xf-yun.com  
[2017/01/25 10:52:32 423] ns         403  ns_host=  open.xf-yun.com  
[2017/01/25 10:52:32 424] ns         662  GET /sip/resolver?srand=0125105211.32 HTTP/1.1
Host: hdns.openspeech.cn
Connection: Keep-Alive
X-Par: ver=1.2&appid=587de813&operator=UNKNOW&nettype=STANDARD&cver=5.0.27.1135&svc=ath&host=open.xf-yun.com&sign=4791eedc347fb16ff132ddb2f0255ff7
User-Agent: iFLYCloud

  
[2017/01/25 10:52:32 424] ns         663  net_type =  standard  
[2017/01/25 10:52:32 424] ns         664  cmwapascmnet =  
[2017/01/25 10:52:32 424] ns         665  uniwapasuninet =  
[2017/01/25 10:52:32 425] ns         666  ctwapasctnet =  
[2017/01/25 10:52:32 425] ns         676  host=  hdns.openspeech.cn  
[2017/01/25 10:52:32 445] ns         290  ns dns resp  10214  
[2017/01/25 10:52:32 446] ns         564  ns dns failed, err =   10214  
[2017/01/25 10:52:32 446] ns         174  ns gethttpresp  117.121.48.5  80  
[2017/01/25 10:52:32 448] ns         244  ns soc error  10202  
[2017/01/25 10:52:32 448] ns         407  name server http resp  nil  10202  nil  
[2017/01/25 10:52:32 449] ns         551  ns response failed, err =  10202  
[2017/01/25 10:52:32 449] ns         111  ns_host=  open.xf-yun.com  
[2017/01/25 10:52:32 449] ns         113  use default ip  
[2017/01/25 10:52:32 449] transport  974  ns_ip =   116.213.69.195  
[2017/01/25 10:52:32 454] transport  975  ip_type =  def_athopen.xf-yun.com  
[2017/01/25 10:52:32 455] transport  1166 [soc] connect   116.213.69.195  80  
[2017/01/25 10:52:32 456] transport  1183 mspsoc.open,prot_type=  tcp  
[2017/01/25 10:52:32 457] ns         756  no data in ns_q  
[2017/01/25 10:52:32 457] ns         757  conti_ns,ns_inprog =   1  
[2017/01/25 10:52:32 458] transport  545  MSC:[soc] [0] error 10202 101!  
[2017/01/25 10:52:32 459] transport  57   clear_ip ip_type =  def_athopen.xf-yun.com  
[2017/01/25 10:52:32 459] transport  321  soc_conn_failed  
[2017/01/25 10:52:32 459] network    88   iptoenv ,  ipcache  open.xf-yun.com  def  nil  
[2017/01/25 10:52:32 462] transport  390  switch 80  
[2017/01/25 10:52:32 463] transport  1198 [soc] disconnect   
[2017/01/25 10:52:32 465] transport  295  [dns] [0] failed! 10214  
[2017/01/25 10:52:32 469] network    83   ipfromenv ,  ipcache  open.xf-yun.com  def  nil  
[2017/01/25 10:52:32 477] network    83   ipfromenv ,  ipcfg  open.xf-yun.com  def  nil  
[2017/01/25 10:52:32 477] transport  1166 [soc] connect   116.213.69.195  80  
[2017/01/25 10:52:32 480] transport  1183 mspsoc.open,prot_type=  tcp  
[2017/01/25 10:52:32 485] transport  545  MSC:[soc] [0] error 10202 101!  
[2017/01/25 10:52:32 486] transport  57   clear_ip ip_type =  def_athopen.xf-yun.com  
[2017/01/25 10:52:32 486] transport  321  soc_conn_failed  
[2017/01/25 10:52:32 486] network    88   iptoenv ,  ipcache  open.xf-yun.com  def  nil  
[2017/01/25 10:52:32 489] transport  390  switch 80  
[2017/01/25 10:52:32 490] transport  1198 [soc] disconnect   
[2017/01/25 10:52:32 691] transport  959  session.domain=  open.xf-yun.com  
[2017/01/25 10:52:32 692] transport  960  url.host=  open.xf-yun.com  
[2017/01/25 10:52:32 694] network    83   ipfromenv ,  ipcache  open.xf-yun.com  def  nil  
[2017/01/25 10:52:32 695] transport  994  NAMESERVER START  
[2017/01/25 10:52:32 695] transport  997  name =   ath  
[2017/01/25 10:52:32 695] ns         727  ntt=  standard  
[2017/01/25 10:52:32 695] transport  1000 trans,ns_inprog =  0  
[2017/01/25 10:52:32 696] ns         682  name server start  
[2017/01/25 10:52:32 696] ns         683  ns_sub =   ath  
[2017/01/25 10:52:32 696] ns         685  ns_host=  open.xf-yun.com  
[2017/01/25 10:52:32 696] ns         403  ns_host=  open.xf-yun.com  
[2017/01/25 10:52:32 697] ns         662  GET /sip/resolver?srand=0125105211.32 HTTP/1.1
Host: hdns.openspeech.cn
Connection: Keep-Alive
X-Par: ver=1.2&appid=587de813&operator=UNKNOW&nettype=STANDARD&cver=5.0.27.1135&svc=ath&host=open.xf-yun.com&sign=4791eedc347fb16ff132ddb2f0255ff7
User-Agent: iFLYCloud

  
[2017/01/25 10:52:32 697] ns         663  net_type =  standard  
[2017/01/25 10:52:32 697] ns         664  cmwapascmnet =  
[2017/01/25 10:52:32 698] ns         665  uniwapasuninet =  
[2017/01/25 10:52:32 698] ns         666  ctwapasctnet =  
[2017/01/25 10:52:32 698] ns         676  host=  hdns.openspeech.cn  
[2017/01/25 10:52:32 712] ns         290  ns dns resp  10214  
[2017/01/25 10:52:32 712] ns         564  ns dns failed, err =   10214  
[2017/01/25 10:52:32 716] ns         174  ns gethttpresp  117.121.48.5  80  
[2017/01/25 10:52:32 726] ns         244  ns soc error  10202  
[2017/01/25 10:52:32 728] ns         407  name server http resp  nil  10202  nil  
[2017/01/25 10:52:32 728] ns         551  ns response failed, err =  10202  
[2017/01/25 10:52:32 728] ns         111  ns_host=  open.xf-yun.com  
[2017/01/25 10:52:32 729] ns         113  use default ip  
[2017/01/25 10:52:32 729] transport  974  ns_ip =   116.213.69.195  
[2017/01/25 10:52:32 729] transport  975  ip_type =  def_athopen.xf-yun.com  
[2017/01/25 10:52:32 729] transport  1166 [soc] connect   116.213.69.195  80  
[2017/01/25 10:52:32 730] transport  1183 mspsoc.open,prot_type=  tcp  
[2017/01/25 10:52:32 731] ns         756  no data in ns_q  
[2017/01/25 10:52:32 732] ns         757  conti_ns,ns_inprog =   1  
[2017/01/25 10:52:32 732] transport  295  [dns] [0] failed! 10214  
[2017/01/25 10:52:32 733] transport  545  MSC:[soc] [0] error 10202 101!  
[2017/01/25 10:52:32 734] transport  57   clear_ip ip_type =  def_athopen.xf-yun.com  
[2017/01/25 10:52:32 734] transport  321  soc_conn_failed  
[2017/01/25 10:52:32 734] network    88   iptoenv ,  ipcache  open.xf-yun.com  def  nil  
[2017/01/25 10:52:32 737] transport  390  switch 80  
[2017/01/25 10:52:32 738] transport  1198 [soc] disconnect   
[2017/01/25 10:52:32 939] transport  959  session.domain=  open.xf-yun.com  
[2017/01/25 10:52:32 939] transport  960  url.host=  open.xf-yun.com  
[2017/01/25 10:52:32 942] network    83   ipfromenv ,  ipcache  open.xf-yun.com  def  nil  
[2017/01/25 10:52:32 942] transport  994  NAMESERVER START  
[2017/01/25 10:52:32 942] transport  997  name =   ath  
[2017/01/25 10:52:32 942] ns         727  ntt=  standard  
[2017/01/25 10:52:32 943] transport  1000 trans,ns_inprog =  0  
[2017/01/25 10:52:32 943] ns         682  name server start  
[2017/01/25 10:52:32 943] ns         683  ns_sub =   ath  
[2017/01/25 10:52:32 943] ns         685  ns_host=  open.xf-yun.com  
[2017/01/25 10:52:32 944] ns         403  ns_host=  open.xf-yun.com  
[2017/01/25 10:52:32 944] ns         662  GET /sip/resolver?srand=0125105211.32 HTTP/1.1
Host: hdns.openspeech.cn
Connection: Keep-Alive
X-Par: ver=1.2&appid=587de813&operator=UNKNOW&nettype=STANDARD&cver=5.0.27.1135&svc=ath&host=open.xf-yun.com&sign=4791eedc347fb16ff132ddb2f0255ff7
User-Agent: iFLYCloud

  
[2017/01/25 10:52:32 944] ns         663  net_type =  standard  
[2017/01/25 10:52:32 945] ns         664  cmwapascmnet =  
[2017/01/25 10:52:32 945] ns         665  uniwapasuninet =  
[2017/01/25 10:52:32 945] ns         666  ctwapasctnet =  
[2017/01/25 10:52:32 945] ns         676  host=  hdns.openspeech.cn  
[2017/01/25 10:52:32 958] ns         290  ns dns resp  10214  
[2017/01/25 10:52:32 959] ns         564  ns dns failed, err =   10214  
[2017/01/25 10:52:32 959] ns         174  ns gethttpresp  117.121.48.5  80  
[2017/01/25 10:52:32 965] ns         244  ns soc error  10202  
[2017/01/25 10:52:32 965] ns         407  name server http resp  nil  10202  nil  
[2017/01/25 10:52:32 966] ns         551  ns response failed, err =  10202  
[2017/01/25 10:52:32 966] ns         111  ns_host=  open.xf-yun.com  
[2017/01/25 10:52:32 966] ns         113  use default ip  
[2017/01/25 10:52:32 967] transport  974  ns_ip =   116.213.69.195  
[2017/01/25 10:52:32 967] transport  975  ip_type =  def_athopen.xf-yun.com  
[2017/01/25 10:52:32 967] transport  1166 [soc] connect   116.213.69.195  80  
[2017/01/25 10:52:32 968] transport  1183 mspsoc.open,prot_type=  tcp  
[2017/01/25 10:52:32 975] ns         756  no data in ns_q  
[2017/01/25 10:52:32 976] ns         757  conti_ns,ns_inprog =   1  
[2017/01/25 10:52:32 978] transport  545  MSC:[soc] [0] error 10202 101!  
[2017/01/25 10:52:32 979] transport  57   clear_ip ip_type =  def_athopen.xf-yun.com  
[2017/01/25 10:52:32 979] transport  321  soc_conn_failed  
[2017/01/25 10:52:32 979] network    88   iptoenv ,  ipcache  open.xf-yun.com  def  nil  
[2017/01/25 10:52:32 985] transport  390  switch 80  
[2017/01/25 10:52:32 986] transport  1198 [soc] disconnect   
[2017/01/25 10:52:32 988] transport  295  [dns] [0] failed! 10214  
[2017/01/25 10:52:33 002] network    83   ipfromenv ,  ipcache  open.xf-yun.com  def  nil  
[2017/01/25 10:52:33 006] network    83   ipfromenv ,  ipcfg  open.xf-yun.com  def  nil  
[2017/01/25 10:52:33 007] transport  1166 [soc] connect   116.213.69.195  80  
[2017/01/25 10:52:33 007] transport  1183 mspsoc.open,prot_type=  tcp  
[2017/01/25 10:52:33 009] transport  545  MSC:[soc] [0] error 10202 101!  
[2017/01/25 10:52:33 010] transport  57   clear_ip ip_type =  def_athopen.xf-yun.com  
[2017/01/25 10:52:33 010] transport  321  soc_conn_failed  
[2017/01/25 10:52:33 011] network    88   iptoenv ,  ipcache  open.xf-yun.com  def  nil  
[2017/01/25 10:52:33 013] transport  390  switch 80  
[2017/01/25 10:52:33 014] transport  1198 [soc] disconnect   
[2017/01/25 10:52:33 216] transport  959  session.domain=  open.xf-yun.com  
[2017/01/25 10:52:33 216] transport  960  url.host=  open.xf-yun.com  
[2017/01/25 10:52:33 220] network    83   ipfromenv ,  ipcache  open.xf-yun.com  def  nil  
[2017/01/25 10:52:33 221] transport  994  NAMESERVER START  
[2017/01/25 10:52:33 221] transport  997  name =   ath  
[2017/01/25 10:52:33 221] ns         727  ntt=  standard  
[2017/01/25 10:52:33 222] transport  1000 trans,ns_inprog =  0  
[2017/01/25 10:52:33 222] ns         682  name server start  
[2017/01/25 10:52:33 223] ns         683  ns_sub =   ath  
[2017/01/25 10:52:33 223] ns         685  ns_host=  open.xf-yun.com  
[2017/01/25 10:52:33 224] ns         403  ns_host=  open.xf-yun.com  
[2017/01/25 10:52:33 224] ns         662  GET /sip/resolver?srand=0125105211.32 HTTP/1.1
Host: hdns.openspeech.cn
Connection: Keep-Alive
X-Par: ver=1.2&appid=587de813&operator=UNKNOW&nettype=STANDARD&cver=5.0.27.1135&svc=ath&host=open.xf-yun.com&sign=4791eedc347fb16ff132ddb2f0255ff7
User-Agent: iFLYCloud

  
[2017/01/25 10:52:33 225] ns         663  net_type =  standard  
[2017/01/25 10:52:33 225] ns         664  cmwapascmnet =  
[2017/01/25 10:52:33 225] ns         665  uniwapasuninet =  
[2017/01/25 10:52:33 226] ns         666  ctwapasctnet =  
[2017/01/25 10:52:33 226] ns         676  host=  hdns.openspeech.cn  
[2017/01/25 10:52:33 238] ns         290  ns dns resp  10214  
[2017/01/25 10:52:33 238] ns         564  ns dns failed, err =   10214  
[2017/01/25 10:52:33 238] ns         174  ns gethttpresp  117.121.48.5  80  
[2017/01/25 10:52:33 240] ns         244  ns soc error  10202  
[2017/01/25 10:52:33 241] ns         407  name server http resp  nil  10202  nil  
[2017/01/25 10:52:33 241] ns         551  ns response failed, err =  10202  
[2017/01/25 10:52:33 241] ns         111  ns_host=  open.xf-yun.com  
[2017/01/25 10:52:33 244] ns         113  use default ip  
[2017/01/25 10:52:33 246] transport  974  ns_ip =   116.213.69.195  
[2017/01/25 10:52:33 246] transport  975  ip_type =  def_athopen.xf-yun.com  
[2017/01/25 10:52:33 247] transport  1166 [soc] connect   116.213.69.195  80  
[2017/01/25 10:52:33 247] transport  1183 mspsoc.open,prot_type=  tcp  
[2017/01/25 10:52:33 250] ns         756  no data in ns_q  
[2017/01/25 10:52:33 250] ns         757  conti_ns,ns_inprog =   1  
[2017/01/25 10:52:33 252] transport  545  MSC:[soc] [0] error 10202 101!  
[2017/01/25 10:52:33 252] transport  57   clear_ip ip_type =  def_athopen.xf-yun.com  
[2017/01/25 10:52:33 253] transport  321  soc_conn_failed  
[2017/01/25 10:52:33 253] network    88   iptoenv ,  ipcache  open.xf-yun.com  def  nil  
[2017/01/25 10:52:33 256] transport  390  switch 80  
[2017/01/25 10:52:33 258] transport  1198 [soc] disconnect   
[2017/01/25 10:52:33 258] transport  49   throw_exception  10202  101  MSC:[soc] [0] error 10202 101!  
[2017/01/25 10:52:33 261] lgi        175  [trans] [id = lgi_] exception 10202  
[2017/01/25 10:52:33 261] lgi        176  lgi trytimes =   6  
[2017/01/25 10:52:33 275] network    83   ipfromenv ,  ipcache  open.xf-yun.com  def  nil  
[2017/01/25 10:52:33 276] transport  910  iplist not avail  
[2017/01/25 10:52:33 277] transport  1198 [soc] disconnect   
[2017/01/25 10:52:42 695] lgi        196  lgi timeout!  lgi_resp  
[2017/01/25 10:58:45 951] lgi        636  SYS_MSG_SHUTDOWN  
